<?xml version="1.0" encoding="UTF-8"?>
<coverage generated="1620168241">
  <project timestamp="1620168241">
    <file name="C:\Users\Moka\Desktop\dev\ToDoList\src\Controller\DefaultController.php">
      <class name="App\Controller\DefaultController" namespace="global">
        <metrics complexity="1" methods="1" coveredmethods="1" conditionals="0" coveredconditionals="0" statements="1" coveredstatements="1" elements="2" coveredelements="2"/>
      </class>
      <line num="13" type="method" name="indexAction" visibility="public" complexity="1" crap="1" count="3"/>
      <line num="15" type="stmt" count="3"/>
      <metrics loc="17" ncloc="14" classes="1" methods="1" coveredmethods="1" conditionals="0" coveredconditionals="0" statements="1" coveredstatements="1" elements="2" coveredelements="2"/>
    </file>
    <file name="C:\Users\Moka\Desktop\dev\ToDoList\src\Controller\SecurityController.php">
      <class name="App\Controller\SecurityController" namespace="global">
        <metrics complexity="3" methods="3" coveredmethods="1" conditionals="0" coveredconditionals="0" statements="7" coveredstatements="5" elements="10" coveredelements="6"/>
      </class>
      <line num="14" type="method" name="loginAction" visibility="public" complexity="1" crap="1" count="1"/>
      <line num="16" type="stmt" count="1"/>
      <line num="17" type="stmt" count="1"/>
      <line num="19" type="stmt" count="1"/>
      <line num="20" type="stmt" count="1"/>
      <line num="21" type="stmt" count="1"/>
      <line num="28" type="method" name="loginCheck" visibility="public" complexity="1" crap="2" count="0"/>
      <line num="31" type="stmt" count="0"/>
      <line num="36" type="method" name="logoutCheck" visibility="public" complexity="1" crap="2" count="0"/>
      <line num="39" type="stmt" count="0"/>
      <metrics loc="40" ncloc="31" classes="1" methods="3" coveredmethods="1" conditionals="0" coveredconditionals="0" statements="7" coveredstatements="5" elements="10" coveredelements="6"/>
    </file>
    <file name="C:\Users\Moka\Desktop\dev\ToDoList\src\Controller\TaskController.php">
      <class name="App\Controller\TaskController" namespace="global">
        <metrics complexity="9" methods="5" coveredmethods="5" conditionals="0" coveredconditionals="0" statements="31" coveredstatements="31" elements="36" coveredelements="36"/>
      </class>
      <line num="17" type="method" name="listAction" visibility="public" complexity="1" crap="1" count="4"/>
      <line num="19" type="stmt" count="4"/>
      <line num="25" type="method" name="createAction" visibility="public" complexity="3" crap="3" count="1"/>
      <line num="27" type="stmt" count="1"/>
      <line num="32" type="stmt" count="1"/>
      <line num="33" type="stmt" count="1"/>
      <line num="35" type="stmt" count="1"/>
      <line num="37" type="stmt" count="1"/>
      <line num="38" type="stmt" count="1"/>
      <line num="40" type="stmt" count="1"/>
      <line num="41" type="stmt" count="1"/>
      <line num="43" type="stmt" count="1"/>
      <line num="45" type="stmt" count="1"/>
      <line num="48" type="stmt" count="1"/>
      <line num="54" type="method" name="editAction" visibility="public" complexity="3" crap="3" count="1"/>
      <line num="56" type="stmt" count="1"/>
      <line num="58" type="stmt" count="1"/>
      <line num="60" type="stmt" count="1"/>
      <line num="61" type="stmt" count="1"/>
      <line num="63" type="stmt" count="1"/>
      <line num="65" type="stmt" count="1"/>
      <line num="68" type="stmt" count="1"/>
      <line num="69" type="stmt" count="1"/>
      <line num="70" type="stmt" count="1"/>
      <line num="77" type="method" name="toggleTaskAction" visibility="public" complexity="1" crap="1" count="1"/>
      <line num="79" type="stmt" count="1"/>
      <line num="80" type="stmt" count="1"/>
      <line num="82" type="stmt" count="1"/>
      <line num="84" type="stmt" count="1"/>
      <line num="90" type="method" name="deleteTaskAction" visibility="public" complexity="1" crap="1" count="4"/>
      <line num="92" type="stmt" count="4"/>
      <line num="94" type="stmt" count="3"/>
      <line num="95" type="stmt" count="3"/>
      <line num="96" type="stmt" count="3"/>
      <line num="98" type="stmt" count="3"/>
      <line num="100" type="stmt" count="3"/>
      <metrics loc="102" ncloc="87" classes="1" methods="5" coveredmethods="5" conditionals="0" coveredconditionals="0" statements="31" coveredstatements="31" elements="36" coveredelements="36"/>
    </file>
    <file name="C:\Users\Moka\Desktop\dev\ToDoList\src\Controller\UserController.php">
      <class name="App\Controller\UserController" namespace="global">
        <metrics complexity="7" methods="3" coveredmethods="3" conditionals="0" coveredconditionals="0" statements="22" coveredstatements="22" elements="25" coveredelements="25"/>
      </class>
      <line num="18" type="method" name="listAction" visibility="public" complexity="1" crap="1" count="3"/>
      <line num="20" type="stmt" count="3"/>
      <line num="26" type="method" name="createAction" visibility="public" complexity="3" crap="3" count="1"/>
      <line num="28" type="stmt" count="1"/>
      <line num="29" type="stmt" count="1"/>
      <line num="31" type="stmt" count="1"/>
      <line num="33" type="stmt" count="1"/>
      <line num="34" type="stmt" count="1"/>
      <line num="35" type="stmt" count="1"/>
      <line num="36" type="stmt" count="1"/>
      <line num="38" type="stmt" count="1"/>
      <line num="39" type="stmt" count="1"/>
      <line num="41" type="stmt" count="1"/>
      <line num="43" type="stmt" count="1"/>
      <line num="46" type="stmt" count="1"/>
      <line num="52" type="method" name="editAction" visibility="public" complexity="3" crap="3" count="2"/>
      <line num="54" type="stmt" count="2"/>
      <line num="56" type="stmt" count="2"/>
      <line num="58" type="stmt" count="2"/>
      <line num="59" type="stmt" count="1"/>
      <line num="60" type="stmt" count="1"/>
      <line num="62" type="stmt" count="1"/>
      <line num="64" type="stmt" count="1"/>
      <line num="66" type="stmt" count="1"/>
      <line num="69" type="stmt" count="2"/>
      <metrics loc="71" ncloc="62" classes="1" methods="3" coveredmethods="3" conditionals="0" coveredconditionals="0" statements="22" coveredstatements="22" elements="25" coveredelements="25"/>
    </file>
    <file name="C:\Users\Moka\Desktop\dev\ToDoList\src\DataFixtures\Porviders\FixturesHelperProviders.php">
      <class name="App\DataFixtures\Providers\FixturesHelperProviders" namespace="global">
        <metrics complexity="2" methods="2" coveredmethods="2" conditionals="0" coveredconditionals="0" statements="3" coveredstatements="3" elements="5" coveredelements="5"/>
      </class>
      <line num="12" type="method" name="__construct" visibility="public" complexity="1" crap="1" count="19"/>
      <line num="15" type="stmt" count="19"/>
      <line num="16" type="stmt" count="19"/>
      <line num="18" type="method" name="helpEncodePassword" visibility="public" complexity="1" crap="1" count="19"/>
      <line num="20" type="stmt" count="19"/>
      <metrics loc="22" ncloc="22" classes="1" methods="2" coveredmethods="2" conditionals="0" coveredconditionals="0" statements="3" coveredstatements="3" elements="5" coveredelements="5"/>
    </file>
    <file name="C:\Users\Moka\Desktop\dev\ToDoList\src\Entity\Task.php">
      <class name="App\Entity\Task" namespace="global">
        <metrics complexity="17" methods="15" coveredmethods="15" conditionals="0" coveredconditionals="0" statements="29" coveredstatements="29" elements="44" coveredelements="44"/>
      </class>
      <line num="48" type="method" name="__construct" visibility="public" complexity="1" crap="1" count="21"/>
      <line num="50" type="stmt" count="21"/>
      <line num="51" type="stmt" count="21"/>
      <line num="52" type="stmt" count="21"/>
      <line num="54" type="method" name="getId" visibility="public" complexity="1" crap="1" count="4"/>
      <line num="56" type="stmt" count="4"/>
      <line num="59" type="method" name="getCreatedAt" visibility="public" complexity="1" crap="1" count="1"/>
      <line num="61" type="stmt" count="1"/>
      <line num="64" type="method" name="setCreatedAt" visibility="public" complexity="1" crap="1" count="20"/>
      <line num="66" type="stmt" count="20"/>
      <line num="68" type="stmt" count="20"/>
      <line num="71" type="method" name="getTitle" visibility="public" complexity="1" crap="1" count="5"/>
      <line num="73" type="stmt" count="5"/>
      <line num="76" type="method" name="setTitle" visibility="public" complexity="1" crap="1" count="20"/>
      <line num="78" type="stmt" count="20"/>
      <line num="80" type="stmt" count="20"/>
      <line num="83" type="method" name="getContent" visibility="public" complexity="1" crap="1" count="5"/>
      <line num="85" type="stmt" count="5"/>
      <line num="88" type="method" name="setContent" visibility="public" complexity="1" crap="1" count="20"/>
      <line num="90" type="stmt" count="20"/>
      <line num="92" type="stmt" count="20"/>
      <line num="95" type="method" name="getIsDone" visibility="public" complexity="1" crap="1" count="1"/>
      <line num="97" type="stmt" count="1"/>
      <line num="100" type="method" name="setIsDone" visibility="public" complexity="1" crap="1" count="20"/>
      <line num="102" type="stmt" count="20"/>
      <line num="104" type="stmt" count="20"/>
      <line num="107" type="method" name="isDone" visibility="public" complexity="1" crap="1" count="5"/>
      <line num="109" type="stmt" count="5"/>
      <line num="112" type="method" name="toggle" visibility="public" complexity="1" crap="1" count="2"/>
      <line num="114" type="stmt" count="2"/>
      <line num="115" type="stmt" count="2"/>
      <line num="117" type="method" name="getAuthor" visibility="public" complexity="2" crap="2" count="7"/>
      <line num="119" type="stmt" count="7"/>
      <line num="120" type="stmt" count="6"/>
      <line num="121" type="stmt" count="6"/>
      <line num="122" type="stmt" count="6"/>
      <line num="123" type="stmt" count="6"/>
      <line num="126" type="method" name="setAuthor" visibility="public" complexity="1" crap="1" count="21"/>
      <line num="128" type="stmt" count="21"/>
      <line num="130" type="stmt" count="21"/>
      <line num="133" type="method" name="isAnonymous" visibility="public" complexity="2" crap="2" count="6"/>
      <line num="135" type="stmt" count="6"/>
      <line num="136" type="stmt" count="5"/>
      <line num="137" type="stmt" count="6"/>
      <metrics loc="139" ncloc="114" classes="1" methods="15" coveredmethods="15" conditionals="0" coveredconditionals="0" statements="29" coveredstatements="29" elements="44" coveredelements="44"/>
    </file>
    <file name="C:\Users\Moka\Desktop\dev\ToDoList\src\Entity\User.php">
      <class name="App\Entity\User" namespace="global">
        <metrics complexity="18" methods="15" coveredmethods="15" conditionals="0" coveredconditionals="0" statements="28" coveredstatements="28" elements="43" coveredelements="43"/>
      </class>
      <line num="61" type="method" name="__construct" visibility="public" complexity="1" crap="1" count="21"/>
      <line num="63" type="stmt" count="21"/>
      <line num="64" type="stmt" count="21"/>
      <line num="66" type="method" name="getId" visibility="public" complexity="1" crap="1" count="3"/>
      <line num="68" type="stmt" count="3"/>
      <line num="76" type="method" name="getUsername" visibility="public" complexity="1" crap="1" count="9"/>
      <line num="78" type="stmt" count="9"/>
      <line num="81" type="method" name="setUsername" visibility="public" complexity="1" crap="1" count="21"/>
      <line num="83" type="stmt" count="21"/>
      <line num="85" type="stmt" count="21"/>
      <line num="91" type="method" name="getRoles" visibility="public" complexity="1" crap="1" count="14"/>
      <line num="93" type="stmt" count="14"/>
      <line num="95" type="stmt" count="14"/>
      <line num="97" type="stmt" count="14"/>
      <line num="100" type="method" name="setRoles" visibility="public" complexity="1" crap="1" count="20"/>
      <line num="102" type="stmt" count="20"/>
      <line num="104" type="stmt" count="20"/>
      <line num="110" type="method" name="getPassword" visibility="public" complexity="1" crap="1" count="15"/>
      <line num="112" type="stmt" count="15"/>
      <line num="115" type="method" name="setPassword" visibility="public" complexity="1" crap="1" count="20"/>
      <line num="117" type="stmt" count="20"/>
      <line num="119" type="stmt" count="20"/>
      <line num="128" type="method" name="getSalt" visibility="public" complexity="1" crap="1" count="19"/>
      <line num="130" type="stmt" count="19"/>
      <line num="136" type="method" name="eraseCredentials" visibility="public" complexity="1" crap="1" count="13"/>
      <line num="139" type="stmt" count="13"/>
      <line num="141" type="method" name="getEmail" visibility="public" complexity="1" crap="1" count="4"/>
      <line num="143" type="stmt" count="4"/>
      <line num="146" type="method" name="setEmail" visibility="public" complexity="1" crap="1" count="20"/>
      <line num="148" type="stmt" count="20"/>
      <line num="150" type="stmt" count="20"/>
      <line num="156" type="method" name="getTasks" visibility="public" complexity="1" crap="1" count="1"/>
      <line num="158" type="stmt" count="1"/>
      <line num="161" type="method" name="addTask" visibility="public" complexity="2" crap="2" count="1"/>
      <line num="163" type="stmt" count="1"/>
      <line num="164" type="stmt" count="1"/>
      <line num="165" type="stmt" count="1"/>
      <line num="168" type="stmt" count="1"/>
      <line num="171" type="method" name="removeTask" visibility="public" complexity="3" crap="3" count="1"/>
      <line num="173" type="stmt" count="1"/>
      <line num="175" type="stmt" count="1"/>
      <line num="176" type="stmt" count="1"/>
      <line num="180" type="stmt" count="1"/>
      <metrics loc="182" ncloc="124" classes="1" methods="15" coveredmethods="15" conditionals="0" coveredconditionals="0" statements="28" coveredstatements="28" elements="43" coveredelements="43"/>
    </file>
    <file name="C:\Users\Moka\Desktop\dev\ToDoList\src\Form\TaskType.php">
      <class name="App\Form\TaskType" namespace="global">
        <metrics complexity="5" methods="3" coveredmethods="1" conditionals="0" coveredconditionals="0" statements="19" coveredstatements="17" elements="22" coveredelements="18"/>
      </class>
      <line num="16" type="method" name="buildForm" visibility="public" complexity="1" crap="1" count="1"/>
      <line num="19" type="stmt" count="1"/>
      <line num="20" type="stmt" count="1"/>
      <line num="21" type="stmt" count="1"/>
      <line num="22" type="stmt" count="1"/>
      <line num="24" type="stmt" count="1"/>
      <line num="26" type="stmt" count="1"/>
      <line num="28" type="method" name="mapDataToForms" visibility="public" complexity="2" crap="2.01" count="1"/>
      <line num="30" type="stmt" count="1"/>
      <line num="31" type="stmt" count="0"/>
      <line num="35" type="stmt" count="1"/>
      <line num="37" type="stmt" count="1"/>
      <line num="38" type="stmt" count="1"/>
      <line num="39" type="stmt" count="1"/>
      <line num="40" type="stmt" count="1"/>
      <line num="42" type="method" name="mapFormsToData" visibility="public" complexity="2" crap="2.02" count="1"/>
      <line num="44" type="stmt" count="1"/>
      <line num="45" type="stmt" count="0"/>
      <line num="49" type="stmt" count="1"/>
      <line num="51" type="stmt" count="1"/>
      <line num="52" type="stmt" count="1"/>
      <line num="53" type="stmt" count="1"/>
      <metrics loc="54" ncloc="52" classes="1" methods="3" coveredmethods="1" conditionals="0" coveredconditionals="0" statements="19" coveredstatements="17" elements="22" coveredelements="18"/>
    </file>
    <file name="C:\Users\Moka\Desktop\dev\ToDoList\src\Form\UserType.php">
      <class name="App\Form\UserType" namespace="global">
        <metrics complexity="3" methods="1" coveredmethods="1" conditionals="0" coveredconditionals="0" statements="19" coveredstatements="19" elements="20" coveredelements="20"/>
      </class>
      <line num="16" type="method" name="buildForm" visibility="public" complexity="3" crap="3" count="2"/>
      <line num="19" type="stmt" count="2"/>
      <line num="20" type="stmt" count="2"/>
      <line num="21" type="stmt" count="2"/>
      <line num="27" type="stmt" count="2"/>
      <line num="28" type="stmt" count="2"/>
      <line num="29" type="stmt" count="2"/>
      <line num="35" type="stmt" count="2"/>
      <line num="36" type="stmt" count="2"/>
      <line num="37" type="stmt" count="2"/>
      <line num="38" type="stmt" count="2"/>
      <line num="39" type="stmt" count="1"/>
      <line num="40" type="stmt" count="1"/>
      <line num="41" type="stmt" count="2"/>
      <line num="42" type="stmt" count="2"/>
      <line num="43" type="stmt" count="1"/>
      <line num="44" type="stmt" count="1"/>
      <line num="45" type="stmt" count="1"/>
      <line num="46" type="stmt" count="2"/>
      <line num="49" type="stmt" count="2"/>
      <metrics loc="50" ncloc="50" classes="1" methods="1" coveredmethods="1" conditionals="0" coveredconditionals="0" statements="19" coveredstatements="19" elements="20" coveredelements="20"/>
    </file>
    <file name="C:\Users\Moka\Desktop\dev\ToDoList\src\Kernel.php">
      <class name="App\Kernel" namespace="global">
        <metrics complexity="7" methods="4" coveredmethods="2" conditionals="0" coveredconditionals="0" statements="21" coveredstatements="7" elements="25" coveredelements="9"/>
      </class>
      <line num="18" type="method" name="registerBundles" visibility="public" complexity="3" crap="3" count="19"/>
      <line num="20" type="stmt" count="19"/>
      <line num="21" type="stmt" count="19"/>
      <line num="22" type="stmt" count="19"/>
      <line num="23" type="stmt" count="19"/>
      <line num="26" type="stmt" count="19"/>
      <line num="28" type="method" name="getProjectDir" visibility="public" complexity="1" crap="1" count="19"/>
      <line num="30" type="stmt" count="19"/>
      <line num="33" type="method" name="configureContainer" visibility="protected" complexity="2" crap="6" count="0"/>
      <line num="35" type="stmt" count="0"/>
      <line num="36" type="stmt" count="0"/>
      <line num="37" type="stmt" count="0"/>
      <line num="38" type="stmt" count="0"/>
      <line num="40" type="stmt" count="0"/>
      <line num="41" type="stmt" count="0"/>
      <line num="42" type="stmt" count="0"/>
      <line num="43" type="stmt" count="0"/>
      <line num="44" type="stmt" count="0"/>
      <line num="46" type="method" name="configureRoutes" visibility="protected" complexity="1" crap="2" count="0"/>
      <line num="48" type="stmt" count="0"/>
      <line num="50" type="stmt" count="0"/>
      <line num="51" type="stmt" count="0"/>
      <line num="52" type="stmt" count="0"/>
      <line num="53" type="stmt" count="0"/>
      <metrics loc="54" ncloc="54" classes="1" methods="4" coveredmethods="2" conditionals="0" coveredconditionals="0" statements="21" coveredstatements="7" elements="25" coveredelements="9"/>
    </file>
    <file name="C:\Users\Moka\Desktop\dev\ToDoList\src\Repository\TaskRepository.php">
      <class name="App\Repository\TaskRepository" namespace="global">
        <metrics complexity="1" methods="1" coveredmethods="1" conditionals="0" coveredconditionals="0" statements="2" coveredstatements="2" elements="3" coveredelements="3"/>
      </class>
      <line num="17" type="method" name="__construct" visibility="public" complexity="1" crap="1" count="5"/>
      <line num="19" type="stmt" count="5"/>
      <line num="20" type="stmt" count="5"/>
      <metrics loc="50" ncloc="17" classes="1" methods="1" coveredmethods="1" conditionals="0" coveredconditionals="0" statements="2" coveredstatements="2" elements="3" coveredelements="3"/>
    </file>
    <file name="C:\Users\Moka\Desktop\dev\ToDoList\src\Repository\UserRepository.php">
      <class name="App\Repository\UserRepository" namespace="global">
        <metrics complexity="3" methods="2" coveredmethods="2" conditionals="0" coveredconditionals="0" statements="8" coveredstatements="8" elements="10" coveredelements="10"/>
      </class>
      <line num="20" type="method" name="__construct" visibility="public" complexity="1" crap="1" count="15"/>
      <line num="22" type="stmt" count="15"/>
      <line num="23" type="stmt" count="15"/>
      <line num="28" type="method" name="upgradePassword" visibility="public" complexity="2" crap="2" count="2"/>
      <line num="30" type="stmt" count="2"/>
      <line num="31" type="stmt" count="1"/>
      <line num="34" type="stmt" count="1"/>
      <line num="35" type="stmt" count="1"/>
      <line num="36" type="stmt" count="1"/>
      <line num="37" type="stmt" count="1"/>
      <metrics loc="67" ncloc="31" classes="1" methods="2" coveredmethods="2" conditionals="0" coveredconditionals="0" statements="8" coveredstatements="8" elements="10" coveredelements="10"/>
    </file>
    <file name="C:\Users\Moka\Desktop\dev\ToDoList\src\Security\Voter\TaskVoter.php">
      <class name="App\Security\Voter\TaskVoter" namespace="global">
        <metrics complexity="9" methods="4" coveredmethods="3" conditionals="0" coveredconditionals="0" statements="13" coveredstatements="11" elements="17" coveredelements="14"/>
      </class>
      <line num="16" type="method" name="__construct" visibility="public" complexity="1" crap="1" count="13"/>
      <line num="18" type="stmt" count="13"/>
      <line num="19" type="stmt" count="13"/>
      <line num="21" type="method" name="supports" visibility="protected" complexity="2" crap="2" count="13"/>
      <line num="23" type="stmt" count="13"/>
      <line num="24" type="stmt" count="13"/>
      <line num="27" type="method" name="voteOnAttribute" visibility="protected" complexity="3" crap="3.33" count="5"/>
      <line num="29" type="stmt" count="5"/>
      <line num="31" type="stmt" count="5"/>
      <line num="32" type="stmt" count="0"/>
      <line num="38" type="stmt" count="5"/>
      <line num="39" type="stmt" count="5"/>
      <line num="42" type="stmt" count="0"/>
      <line num="45" type="method" name="isDelete" visibility="private" complexity="3" crap="3" count="5"/>
      <line num="48" type="stmt" count="5"/>
      <line num="49" type="stmt" count="2"/>
      <line num="52" type="stmt" count="5"/>
      <metrics loc="54" ncloc="50" classes="1" methods="4" coveredmethods="3" conditionals="0" coveredconditionals="0" statements="13" coveredstatements="11" elements="17" coveredelements="14"/>
    </file>
    <metrics files="13" loc="902" ncloc="708" classes="13" methods="59" coveredmethods="52" conditionals="0" coveredconditionals="0" statements="203" coveredstatements="183" elements="262" coveredelements="235"/>
  </project>
</coverage>
